0 silly argv { _: [ 'import' ],
0 silly argv   lernaVersion: '3.19.0',
0 silly argv   '$0': 'lerna',
0 silly argv   dir: '/home/neeraj/Tek/node/boilerplateRepo/node-boilerplate' }
1 notice cli v3.19.0
2 verbose rootPath /home/neeraj/Tek/node/boilerplateRepo/kvell
3 error Error: Command failed: git rev-parse HEAD
3 error fatal: ambiguous argument 'HEAD': unknown revision or path not in the working tree.
3 error Use '--' to separate paths from revisions, like this:
3 error 'git <command> [<revision>...] -- [<file>...]'
3 error
3 error HEAD
3 error
3 error     at makeError (/home/neeraj/Tek/node/boilerplateRepo/kvell/node_modules/execa/index.js:174:9)
3 error     at Function.module.exports.sync (/home/neeraj/Tek/node/boilerplateRepo/kvell/node_modules/execa/index.js:338:15)
3 error     at Object.execSync (/home/neeraj/Tek/node/boilerplateRepo/kvell/node_modules/@lerna/child-process/index.js:26:16)
3 error     at ImportCommand.execSync (/home/neeraj/Tek/node/boilerplateRepo/kvell/node_modules/@lerna/import/index.js:143:34)
3 error     at ImportCommand.getCurrentSHA (/home/neeraj/Tek/node/boilerplateRepo/kvell/node_modules/@lerna/import/index.js:135:17)
3 error     at ImportCommand.initialize (/home/neeraj/Tek/node/boilerplateRepo/kvell/node_modules/@lerna/import/index.js:104:31)
3 error     at Promise.resolve.then (/home/neeraj/Tek/node/boilerplateRepo/kvell/node_modules/@lerna/command/index.js:272:24)
